<?xml version="1.0" encoding="UTF-8"?>
<!-- Generated by org.testng.reporters.JUnitReportReporter -->
<testsuite hostname="LAPTOP-BEHQ30E2" failures="0" tests="3" name="com.xyz.qa.testcases.OpenAccountInvalidTest" time="71.871" errors="0" timestamp="08 Mar 2024 16:38:06 GMT" skipped="0">
  <testcase classname="com.xyz.qa.testcases.OpenAccountInvalidTest" name="openAccountBlankTest" time="11.253"/>
  <testcase classname="com.xyz.qa.testcases.OpenAccountInvalidTest" name="openAccountSingleBlankTest1" time="11.828"/>
  <testcase classname="com.xyz.qa.testcases.OpenAccountInvalidTest" name="openAccountSingleBlankTest2" time="48.790"/>
</testsuite> <!-- com.xyz.qa.testcases.OpenAccountInvalidTest -->
