<?xml version="1.0" encoding="UTF-8"?>
<!-- Generated by org.testng.reporters.JUnitReportReporter -->
<testsuite hostname="LAPTOP-BEHQ30E2" failures="0" tests="4" name="com.xyz.qa.testcases.SearchCustomersTest" time="48.311" errors="0" timestamp="08 Mar 2024 16:38:06 GMT" skipped="0">
  <testcase classname="com.xyz.qa.testcases.SearchCustomersTest" name="searchByFnameTest" time="14.607"/>
  <testcase classname="com.xyz.qa.testcases.SearchCustomersTest" name="searchByLnameTest" time="11.379"/>
  <testcase classname="com.xyz.qa.testcases.SearchCustomersTest" name="searchByPostTest" time="8.193"/>
  <testcase classname="com.xyz.qa.testcases.SearchCustomersTest" name="searchByaccNumTest" time="14.132"/>
</testsuite> <!-- com.xyz.qa.testcases.SearchCustomersTest -->
