<?xml version="1.0" encoding="UTF-8"?>
<!-- Generated by org.testng.reporters.JUnitReportReporter -->
<testsuite hostname="LAPTOP-BEHQ30E2" failures="0" tests="2" name="com.xyz.qa.testcases.OpenAccountValidTest" time="64.804" errors="0" timestamp="08 Mar 2024 16:38:06 GMT" skipped="0">
  <testcase classname="com.xyz.qa.testcases.OpenAccountValidTest" name="openAccountValidTest" time="12.393"/>
  <testcase classname="com.xyz.qa.testcases.OpenAccountValidTest" name="openAccountVerifyTest" time="52.411"/>
</testsuite> <!-- com.xyz.qa.testcases.OpenAccountValidTest -->
