<?xml version="1.0" encoding="UTF-8"?>
<!-- Generated by org.testng.reporters.JUnitReportReporter -->
<testsuite hostname="LAPTOP-BEHQ30E2" failures="0" tests="2" name="com.xyz.qa.testcases.DepositValidTest" time="28.114" errors="0" timestamp="08 Mar 2024 16:38:06 GMT" skipped="0">
  <testcase classname="com.xyz.qa.testcases.DepositValidTest" name="depositamountTest" time="15.511"/>
  <testcase classname="com.xyz.qa.testcases.DepositValidTest" name="verifydepositamountTest" time="12.603"/>
</testsuite> <!-- com.xyz.qa.testcases.DepositValidTest -->
