<?xml version="1.0" encoding="UTF-8"?>
<!-- Generated by org.testng.reporters.JUnitReportReporter -->
<testsuite hostname="LAPTOP-BEHQ30E2" failures="0" tests="4" name="com.xyz.qa.testcases.LoginCLTest" time="54.826" errors="0" timestamp="08 Mar 2024 16:38:06 GMT" skipped="0">
  <testcase classname="com.xyz.qa.testcases.LoginCLTest" name="loginPageTitleTest" time="17.624"/>
  <testcase classname="com.xyz.qa.testcases.LoginCLTest" name="verifyHeaderTest" time="13.598"/>
  <testcase classname="com.xyz.qa.testcases.LoginCLTest" name="verifyAccountNumberTest" time="8.646"/>
  <testcase classname="com.xyz.qa.testcases.LoginCLTest" name="verifyCustomerNameTest" time="14.958"/>
</testsuite> <!-- com.xyz.qa.testcases.LoginCLTest -->
